<?xml version="1.0" encoding="UTF-8"?>
<!-- Generated by org.testng.reporters.JUnitReportReporter -->
<testsuite skipped="0" hostname="Dev-16" name="com.qa.illuminate.test.LoginTest" tests="4" failures="0" timestamp="06 Nov 2019 10:28:18 GMT" time="65.015" errors="0">
  <testcase name="verifyLogintest" time="16.779" classname="com.qa.illuminate.test.LoginTest"/>
  <testcase name="verifyLogintest" time="16.117" classname="com.qa.illuminate.test.LoginTest"/>
  <testcase name="verifyLogintest" time="15.977" classname="com.qa.illuminate.test.LoginTest"/>
  <testcase name="verifyLogintest" time="16.142" classname="com.qa.illuminate.test.LoginTest"/>
</testsuite> <!-- com.qa.illuminate.test.LoginTest -->
